Microsoft HTML Help Compiler 4.74.8702

Compiling c:\Users\Administrator\Desktop\teacher\html.chm

_bloom_filter_8cpp.html
_bloom_filter_8h.html
_bloom_filter_8h_source.html
_configurator_8cpp.html
_configurator_8h.html
_configurator_8h_source.html
_dns_thread_8cpp.html
_dns_thread_8h.html
_dns_thread_8h_source.html
_hash_8cpp.html
_hash_8h.html
_hash_8h_source.html
_http_8h.html
_http_8h_source.html
_log_8cpp.html
_log_8h.html
_log_8h_source.html
_main_8cpp.html
_multi_io_8cpp.html
_multi_io_8h.html
_multi_io_8h_source.html
_plugin_8h.html
_plugin_8h_source.html
_plugin_mngr_8cpp.html
_plugin_mngr_8h.html
_plugin_mngr_8h_source.html
_precompile_8h.html
_precompile_8h_source.html
_recv_thread_8cpp.html
_recv_thread_8h.html
_recv_thread_8h_source.html
_send_thread_8cpp.html
_send_thread_8h.html
_send_thread_8h_source.html
_socket_8cpp.html
_socket_8h.html
_socket_8h_source.html
_str_kit_8cpp.html
_str_kit_8h.html
_str_kit_8h_source.html
_thread_8cpp.html
_thread_8h.html
_thread_8h_source.html
_url_8cpp.html
_url_8h.html
_url_8h_source.html
_url_filter_8h.html
_url_filter_8h_source.html
_url_queues_8cpp.html
_url_queues_8h.html
_url_queues_8h_source.html
_web_crawler_8cpp.html
_web_crawler_8h.html
_web_crawler_8h_source.html
annotated.html
bc_s.png
bdwn.png
class_bloom_filter.html
class_bloom_filter.png
class_bloom_filter-members.html
class_configurator.html
class_configurator-members.html
class_dns_thread.html
class_dns_thread.png
class_dns_thread-members.html
class_dns_url.html
class_dns_url.png
class_dns_url-members.html
class_hash.html
class_hash-members.html
class_http_header.html
class_http_header-members.html
class_http_response.html
class_http_response-members.html
class_log.html
class_log-members.html
class_multi_io.html
class_multi_io-members.html
class_plugin.html
class_plugin_mngr.html
class_plugin_mngr-members.html
class_plugin-members.html
class_raw_url.html
class_raw_url.png
class_raw_url-members.html
class_recv_thread.html
class_recv_thread.png
class_recv_thread-members.html
class_send_thread.html
class_send_thread.png
class_send_thread-members.html
class_socket.html
class_socket-members.html
class_str_kit.html
class_str_kit-members.html
class_thread.html
class_thread.png
class_thread-members.html
class_url_filter.html
class_url_filter.png
class_url_filter-members.html
class_url_queues.html
class_url_queues-members.html
class_web_crawler.html
class_web_crawler-members.html
classes.html
closed.png
dir_68267d1309a1af8e8297ef4c3efbcdba.html
doc.png
doxygen.css
doxygen.png
dynsections.js
files.html
folderclosed.png
folderopen.png
functions.html
functions_enum.html
functions_eval.html
functions_func.html
functions_type.html
functions_vars.html
globals.html
globals_func.html
globals_vars.html
hierarchy.html
index.html
jquery.js
menu.js
menudata.js
nav_f.png
nav_g.png
nav_h.png
open.png
splitbar.png
sync_off.png
sync_on.png
tab_a.png
tab_b.png
tab_h.png
tab_s.png
tabs.css
TOC-Created-By-Easy-CHM.HHC
Index-Created-By-Easy-CHM.HHK

Compile time: 0 minutes, 2 seconds
111	Topics
2,021	Local links
110	Internet links
0	Graphics


Created c:\Users\Administrator\Desktop\teacher\html.chm, 201,061 bytes
Compression decreased file by 755,462 bytes.
